<?xml version="1.0" encoding="UTF-8"?>
<testsuite xmlns:xsi="http://www.w3.org/2001/XMLSchema-instance" xsi:noNamespaceSchemaLocation="https://maven.apache.org/surefire/maven-surefire-plugin/xsd/surefire-test-report.xsd" version="3.0.2" name="com.patientcentre.analytics.AnalyticsBufferTest" time="0.062" tests="6" errors="0" skipped="0" failures="0">
  <properties>
[...]
</properties>
  <testcase name="apiFailureKeepsEventsAndRetriesNextTime" classname="com.patientcentre.analytics.AnalyticsBufferTest" time="0.021"/>
  <testcase name="trackNullIsHandledGracefully" classname="com.patientcentre.analytics.AnalyticsBufferTest" time="0.001"/>
  <testcase name="doesNotDoubleFlushWhenSizeAndTimeCoincide" classname="com.patientcentre.analytics.AnalyticsBufferTest" time="0.006"/>
  <testcase name="flushesWhenTimeIntervalElapsedWithoutRealWaiting" classname="com.patientcentre.analytics.AnalyticsBufferTest" time="0.008"/>
  <testcase name="flushesWhenBatchSizeReached" classname="com.patientcentre.analytics.AnalyticsBufferTest" time="0.001"/>
  <testcase name="loadsConfigFromProperties" classname="com.patientcentre.analytics.AnalyticsBufferTest" time="0.004"/>
</testsuite>